<?xml version="1.0" encoding="UTF-8"?>
<testng-results ignored="0" total="2" passed="2" failed="0" skipped="0">
  <reporter-output>
  </reporter-output>
  <suite started-at="2024-02-12T13:48:29 ICT" name="Default suite" finished-at="2024-02-12T13:50:08 ICT" duration-ms="98838">
    <groups>
    </groups>
    <test started-at="2024-02-12T13:48:29 ICT" name="Default test" finished-at="2024-02-12T13:50:08 ICT" duration-ms="98838">
      <class name="org.AutomationStore.GeneralTestSingle">
        <test-method is-config="true" signature="ConfigureAppium()[pri:0, instance:org.AutomationStore.GeneralTestSingle@821330f]" started-at="2024-02-12T13:48:29 ICT" name="ConfigureAppium" finished-at="2024-02-12T13:48:37 ICT" duration-ms="8488" status="PASS">
          <reporter-output>
          </reporter-output>
        </test-method> <!-- ConfigureAppium -->
        <test-method is-config="true" signature="preSetup()[pri:0, instance:org.AutomationStore.GeneralTestSingle@821330f]" started-at="2024-02-12T13:48:38 ICT" name="preSetup" finished-at="2024-02-12T13:48:41 ICT" duration-ms="3168" status="PASS">
          <reporter-output>
          </reporter-output>
        </test-method> <!-- preSetup -->
        <test-method signature="testBeli(java.util.HashMap)[pri:0, instance:org.AutomationStore.GeneralTestSingle@821330f]" started-at="2024-02-12T13:48:41 ICT" name="testBeli" data-provider="getData" finished-at="2024-02-12T13:49:37 ICT" duration-ms="55933" status="PASS">
          <params>
            <param index="0">
              <value>
                <![CDATA[{name=Rehia, country=Indonesia, gender=male}]]>
              </value>
            </param>
          </params>
          <reporter-output>
          </reporter-output>
        </test-method> <!-- testBeli -->
        <test-method is-config="true" signature="preSetup()[pri:0, instance:org.AutomationStore.GeneralTestSingle@821330f]" started-at="2024-02-12T13:49:37 ICT" name="preSetup" finished-at="2024-02-12T13:49:38 ICT" duration-ms="924" status="PASS">
          <reporter-output>
          </reporter-output>
        </test-method> <!-- preSetup -->
        <test-method signature="testBeli(java.util.HashMap)[pri:0, instance:org.AutomationStore.GeneralTestSingle@821330f]" started-at="2024-02-12T13:49:38 ICT" name="testBeli" data-provider="getData" finished-at="2024-02-12T13:50:07 ICT" duration-ms="29592" status="PASS">
          <params>
            <param index="0">
              <value>
                <![CDATA[{name=Septia, country=Argentina, gender=famele}]]>
              </value>
            </param>
          </params>
          <reporter-output>
          </reporter-output>
        </test-method> <!-- testBeli -->
        <test-method is-config="true" signature="Close()[pri:0, instance:org.AutomationStore.GeneralTestSingle@821330f]" started-at="2024-02-12T13:50:07 ICT" name="Close" finished-at="2024-02-12T13:50:08 ICT" duration-ms="378" status="PASS">
          <reporter-output>
          </reporter-output>
        </test-method> <!-- Close -->
      </class> <!-- org.AutomationStore.GeneralTestSingle -->
    </test> <!-- Default test -->
  </suite> <!-- Default suite -->
</testng-results>
